[ladanspa.com/index.html]
[backblue.gif]
[fade.gif]
[index.html]
[images.squarespace-cdn.com/content/544521d3e4b090edefe87c6a/1473796483793-4P62GEZPVTOY1A0KGL6Q/ladan25d45.png]
[assets.squarespace.com/@sqs/polyfiller/1.2.2/legacy.js]
[use.typekit.net/ik/gvXBc4195YByOf_Meg0T2qZbV8Dg_r3FjvYnW7Yv9-GfeCIIfFHN4UJLFRbh52jhWD9XF29kwAbDZQsKw2q3ZAs8Zc9tFhwhjs7VMkG0jAFu-WsoShFGZAsude80ZkoRdhXCHKoyjamT]
[assets.squarespace.com/universal/scripts-compressed/extract-css-runtime-d039fda2dcc7e03b5e377-min.en-US.js]
[assets.squarespace.com/@sqs/polyfiller/1.2.2/modern.js]
[assets.squarespace.com/universal/scripts-compressed/cldr-resource-pack-83b0e6eb9a2c7557ad4c0-min.en-US.js]
[assets.squarespace.com/universal/scripts-compressed/common-vendors-stable-9b2a74c45b27271fd111d-min.en-US.js]
[assets.squarespace.com/universal/scripts-compressed/extract-css-moment-js-vendor-98bddc81dc37f44faa7b2-min.en-US.js]
[assets.squarespace.com/universal/styles-compressed/commerce-42e904b2189a7c1684dd6-min.en-US.css]
[assets.squarespace.com/universal/scripts-compressed/performance-8b6f08d427d358ad6b72c-min.en-US.js]
[ladanspa.com/welcomea409]
[static1.squarespace.com/static/sitecss/544521d3e4b090edefe87c6a/209/52a74dafe4b073a80cd253c5/5adf204a6d2a730adc057734/1043/site.css]
[connect.facebook.net/en_US/fbevents.js]
[ladanspa.com/about.html]
[ladanspa.com/services.html]
[ladanspa.com/gifts.html]
[assets.squarespace.com/universal/scripts-compressed/common-vendors-4b723af433bd0f0574b77-min.en-US.js]
[ladanspa.com/shop.html]
[ladanspa.com/contact.html]
[ladanspa.com/workshops.html]
[ladanspa.com/request-an-appointment.html]
[images.squarespace-cdn.com/content/v1/544521d3e4b090edefe87c6a/1551198268818-TXN9OKZHGOERSFCYGOUL/Ladenwhite26f7.png]
[ladanspa.com/request-an-appointment/index.html]
[images.squarespace-cdn.com/content/v1/544521d3e4b090edefe87c6a/1524579464637-GQFAJHLZQMNWGFDJ8L1N/DSC_0613.jpg]
[assets.squarespace.com/universal/scripts-compressed/commerce-7b2550171cf1cd0be9469-min.en-US.js]
[images.squarespace-cdn.com/content/v1/544521d3e4b090edefe87c6a/1524579244310-U5680311EP6DDNV8FVPR/DSC_0287.jpg]
[assets.squarespace.com/universal/scripts-compressed/common-befaaf216060740000bf8-min.en-US.js]
[images.squarespace-cdn.com/content/v1/544521d3e4b090edefe87c6a/1524579341142-A7H387T8LGG6N1HBLZ03/Tranquility-Spa-Rocks.jpg]
[ladanspa.com/specials.1d.delayed]
[images.squarespace-cdn.com/content/v1/544521d3e4b090edefe87c6a/1524580380734-ULZVNKNGDNS8O2JIPV47/yelp-logo-22.png]
[ladanspa.com/index.html]
[assets.squarespace.com/universal/images-v6/standard/icon_close_7_light.png]
[assets.squarespace.com/universal/styles-compressed/commerce-42e904b2189a7c1684dd6-min.en-US.css]
[assets.squarespace.com/universal/images-v6/damask/error-dark.png]
[assets.squarespace.com/universal/images-v6/damask/error-dark@2x.png]
[assets.squarespace.com/universal/images-v6/damask/play-button.png]
[static1.squarespace.com/static/ta/52a74d9ae4b0253945d2aee9/1043/scripts/site-bundle.js]
[assets.squarespace.com/universal/images-v6/damask/play-button@2x.png]
[assets.squarespace.com/universal/images-v6/damask/edit-aviary-light.png]
[assets.squarespace.com/universal/images-v6/damask/edit-aviary-light@2x.png]
[assets.squarespace.com/universal/images-v6/damask/edit-info-light.png]
[assets.squarespace.com/universal/images-v6/damask/edit-info-light@2x.png]
[assets.squarespace.com/universal/images-v6/damask/trash-9-light.png]
[assets.squarespace.com/universal/images-v6/damask/trash-9-light@2x.png]
[assets.squarespace.com/universal/images-v6/damask/trash-9-red.png]
[assets.squarespace.com/universal/images-v6/damask/trash-9-red@2x.png]
[assets.squarespace.com/universal/images-v6/damask/getty-16-light.png]
[assets.squarespace.com/universal/images-v6/damask/getty-32-light.png]
[assets.squarespace.com/universal/images-v6/damask/shopping-cart-16-light.png]
[assets.squarespace.com/universal/images-v6/damask/shopping-cart-32-light.png]
[static1.squarespace.com/universal/images-v6/icons/block-indicator-dark.png]
[static1.squarespace.com/universal/images-v6/icons/block-indicator-dark@2x.png]
[static1.squarespace.com/universal/images-v6/icons/opentable-icons.png]
[static1.squarespace.com/universal/images-v6/icons/icon-searchqueries-20-dark.png]
[static1.squarespace.com/universal/images-v6/icons/icon-searchqueries-20-light.png]
[assets.squarespace.com/universal/images-v6/icons/icon-video-24-light-solid.png]
[static1.squarespace.com/universal/images-v6/damask/image-inside-64-dark.png]
[static1.squarespace.com/universal/images-v6/damask/image-inside-128-dark.png]
[assets.squarespace.com/universal/images-v6/icons/icon-settings-16-light.png]
[static1.squarespace.com/static/sitecss/544521d3e4b090edefe87c6a/209/52a74dafe4b073a80cd253c5/5adf204a6d2a730adc057734/1043/site.css]
[ladanspa.com/POST.3a.delayed]
[connect.facebook.net/en_US/fbevents.js]
[assets.squarespace.com/universal/scripts-compressed/extract-css-runtime-a534ac96c96d4629bda28-min.en-US.js]
[ladanspa.com/about.html]
[ladanspa.com/services.html]
[ladanspa.com/cancellation-rescheduling.html]
[images.squarespace-cdn.com/content/v1/544521d3e4b090edefe87c6a/1476457673415-9YWCOYEX7Y9LBMH3ZRSE/image-asset.png]
[ladanspa.com/products/giftcard.html]
[ladanspa.com/shop/vitamin-c-serum.html]
[ladanspa.com/shop/lavender-body-oil.html]
[ladanspa.com/shop/ladan-bright.html]
[ladanspa.com/shop/ladan-spa-necklace.html]
[ladanspa.com/shop/coffee-cinnamon-sugar-scrub.html]
[ladanspa.com/shop/rattle-fan.html]
[ladanspa.com/gifts.html]
[ladanspa.com/shop508b.html]
[assets.squarespace.com/universal/scripts-compressed/commerce-83ab8a416cf7d30278f24-min.en-US.js]
[ladanspa.com/shope089.html]
[ladanspa.com/shop396b.html]
[ladanspa.com/shopfa7c.html]
[assets.squarespace.com/universal/scripts-compressed/common-b08741f60affeaa84e044-min.en-US.js]
[ladanspa.com/shop2dde.html]
[ladanspa.com/shop6a64.html]
[ladanspa.com/shopd8a6.html]
[ladanspa.com/shop9f15.html]
[ladanspa.com/shopea98.html]
[ladanspa.com/shop0553.html]
[ladanspa.com/shopc34c.html]
[ladanspa.com/shopcdbc.html]
[ladanspa.com/shopd428.html]
[ladanspa.com/shop7302.html]
[ladanspa.com/shopf713.html]
[ladanspa.com/shop1a31.html]
[ladanspa.com/shop2867.html]
[ladanspa.com/shopb3b5.html]
[ladanspa.com/shopd888.html]
[ladanspa.com/shop/hibiscus-cream-cleanser.html]
[ladanspa.com/shop/hibiscus-toner.html]
[ladanspa.com/shop/hibiscus-night-cream.html]
[ladanspa.com/shop/hibiscus-exfoliant.html]
[ladanspa.com/shop/hibiscus-moisturizer.html]
[ladanspa.com/shop/hibiscus-serum.html]
[ladanspa.com/shop/hibiscus-body-oil.html]
[ladanspa.com/shop/wild-orange-exfoliating-cleanser.html]
[ladanspa.com/shop/wild-orange-cream-cleanser.html]
[ladanspa.com/shop/wild-orange-toner.html]
[ladanspa.com/shop/cardamom-and-wild-orange-spf-day-cream.html]
[ladanspa.com/shop/clary-sage-toner.html]
[ladanspa.com/shop/clary-sage-exfoliating-cleanser.html]
[ladanspa.com/shop/lavender-and-geranium-cream-cleanser.html]
[ladanspa.com/shop/lavender-and-geranium-toner.html]
[ladanspa.com/shop/wild-orange-moisturizer.html]
[ladanspa.com/shop/citrus-body-scrub.html]
[ladanspa.com/shop/citrus-body-butter.html]
[ladanspa.com/shop/lavender-and-geranium-exfoliating-cleanser.html]
[ladanspa.com/shop/lavender-and-geranium-salt-scrub.html]
[ladanspa.com/shop/lavender-and-geranium-body-butter.html]
[ladanspa.com/shop/lavender-and-melaleuca-spf-day-cream.html]
[ladanspa.com/shop/grapefruit-and-ylang-ylang-cream-cleanser.html]
[ladanspa.com/shop/grapefruit-and-ylang-ylang-toner.html]
[ladanspa.com/shop/grapefruit-and-ylang-ylang-exfoliating-cleanser.html]
[ladanspa.com/shop/grapefruit-and-ylang-ylang-moisturizer.html]
[ladanspa.com/shop/grapefruit-and-ylang-ylang-night-cream.html]
[ladanspa.com/shop/lime-toner.html]
[ladanspa.com/shop/lime-exfoliant.html]
[ladanspa.com/shop/lime-salt-scrub.html]
[ladanspa.com/shop/lime-body-butter.html]
[ladanspa.com/shop/lime-night-cream.html]
[ladanspa.com/shop/lime-spf-day-cream.html]
[ladanspa.com/shop/lime-facial-cleanser.html]
[ladanspa.com/shop/mint-toner.html]
[ladanspa.com/shop/mint-aloe-moisturizer.html]
[ladanspa.com/shop/mint-body-butter.html]
[ladanspa.com/shop/mint-sugar-scrub.html]
[ladanspa.com/shop/mint-exfoliating-cleanser.html]
[ladanspa.com/shop/mint-spf-moisturizer.html]
[ladanspa.com/shop/cinnamon-and-vanilla-body-butter.html]
[ladanspa.com/shop/cinnamon-and-vanilla-sugar-scrub.html]
[ladanspa.com/shop/frankincense-and-geranium-serum-frankincense-and-geranium-serum.html]
[ladanspa.com/shop/saffron-and-cardamom-serum.html]
[ladanspa.com/shop/peppermint-and-wild-orange-lip-balm.html]
[ladanspa.com/shop/cinnamon-lip-balm.html]
[ladanspa.com/shop/passion-lip-balm.html]
[ladanspa.com/shop/hibiscus-lip-balm.html]
[ladanspa.com/shop/pink-grapefruit-lip-balm.html]
[ladanspa.com/shop/ladan-calm.html]
[ladanspa.com/shop/ladan-vitamin-c.html]
[ladanspa.com/shop/ladan-bleu.html]
[ladanspa.com/shop/cardamom-eye-cream.html]
[ladanspa.com/shop/blossom-facial-cleanser.html]
[ladanspa.com/shop/clary-sage-cream-cleanser.html]
[ladanspa.com/shop/clary-sage-night-cream.html]
[ladanspa.com/shop/lemongrass-cedarwood-facial-cleanser.html]
[ladanspa.com/shop/geranium-body-oil.html]
[ladanspa.com/shop/bell-rattle.html]
[ladanspa.com/shop/feather-fan.html]
[ladanspa.com/shop/mala-bead-bracelet.html]
[ladanspa.com/shop.html]
[ladanspa.com/shop/mala-bead-necklaces.html]
[ladanspa.com/contact.html]
[ladanspa.com/workshops.html]
[ladanspa.com/request-an-appointment.html]
[ladanspa.com/request-an-appointment/index.html]
[ladanspa.com/_/cdn.embedly.com/widgets/media59cf.html]
[ladanspa.com/specials.html]
[ladanspa.com/POST.html]
[ladanspa.com/cancellation-rescheduling.html]
[assets.squarespace.com/universal/scripts-compressed/extract-css-runtime-b1d02819287eeb7b92675-min.en-US.js]
[assets.squarespace.com/universal/scripts-compressed/extract-css-runtime-5b5fe1039cf3812751ba4-min.en-US.js]
[assets.squarespace.com/universal/scripts-compressed/commerce-a26f52c15018f4babd466-min.en-US.js]
[ladanspa.com/products.html]
[ladanspa.com/productsd8a6.html]
[assets.squarespace.com/universal/scripts-compressed/commerce-ed4b61a8ce6fedf5bef4a-min.en-US.js]
[ladanspa.com/products8f6d.html]
[ladanspa.com/products/giftcard.html]
[ladanspa.com/products85fe.html]
[assets.squarespace.com/universal/scripts-compressed/common-7d2274e9405484b5bb8c6-min.en-US.js]
[assets.squarespace.com/universal/scripts-compressed/extract-css-runtime-e7aa9afa87c290e3740b5-min.en-US.js]
[assets.squarespace.com/universal/scripts-compressed/common-0cf72e28e74c0a9b480d7-min.en-US.js]
[ladanspa.com/shop/vitamin-c-serum.html]
[assets.squarespace.com/universal/scripts-compressed/extract-css-runtime-0ae0466463b57862d2a95-min.en-US.js]
[ladanspa.com/shop/lavender-body-oil.html]
[ladanspa.com/shop/ladan-bright.html]
[ladanspa.com/shop/ladan-spa-necklace.html]
[ladanspa.com/shop/coffee-cinnamon-sugar-scrub.html]
[images.squarespace-cdn.com/content/544521d3e4b090edefe87c6a/1650668202022-6JQQB1GYNP1UPWBCRLYF/rattle-20220116_17371843a3.jpg]
[assets.squarespace.com/universal/scripts-compressed/common-vendors-bcca9279adcfd081b6c58-min.en-US.js]
[ladanspa.com/shop/rattle-fan.html]
[assets.squarespace.com/universal/scripts-compressed/commerce-81f52d81a586cce6467d9-min.en-US.js]
[assets.squarespace.com/universal/scripts-compressed/extract-css-runtime-708abc31c2823710f03dd-min.en-US.js]
[assets.squarespace.com/universal/scripts-compressed/common-932dc6e23fa955c9bcd6a-min.en-US.js]
[assets.squarespace.com/universal/scripts-compressed/common-vendors-584b38eb7e5ba560fe3c5-min.en-US.js]
[ladanspa.com/shop508b.html]
[ladanspa.com/shope089.html]
[assets.squarespace.com/universal/scripts-compressed/extract-css-runtime-d572255b6d5119835a2d8-min.en-US.js]
[ladanspa.com/shop396b.html]
[ladanspa.com/shopfa7c.html]
[ladanspa.com/shop2dde.html]
[assets.squarespace.com/universal/scripts-compressed/extract-css-runtime-f8e05d4befc230ef480e9-min.en-US.js]
[assets.squarespace.com/universal/scripts-compressed/commerce-1ecff73230bdb91456e4c-min.en-US.js]
[assets.squarespace.com/universal/scripts-compressed/common-aa83aa646eba2dfb60b35-min.en-US.js]
[ladanspa.com/shop6a64.html]
[ladanspa.com/shopd8a6.html]
[ladanspa.com/shop9f15.html]
[ladanspa.com/shopea98.html]
[assets.squarespace.com/universal/scripts-compressed/extract-css-runtime-cc926beb43e67b4c8014c-min.en-US.js]
[assets.squarespace.com/universal/scripts-compressed/commerce-59dd091848f2530a2d294-min.en-US.js]
[ladanspa.com/shop0553.html]
[ladanspa.com/shopc34c.html]
[ladanspa.com/shopcdbc.html]
[ladanspa.com/shopd428.html]
[ladanspa.com/shop7302.html]
[ladanspa.com/shopf713.html]
[ladanspa.com/shop1a31.html]
[ladanspa.com/shop2867.html]
[ladanspa.com/shopb3b5.html]
[ladanspa.com/shopd888.html]
[ladanspa.com/shop/hibiscus-cream-cleanser.html]
[ladanspa.com/shop/hibiscus-toner.html]
[ladanspa.com/shop/hibiscus-night-cream.html]
[assets.squarespace.com/universal/scripts-compressed/common-b8c1d7461a88509047c05-min.en-US.js]
[images.squarespace-cdn.com/content/544521d3e4b090edefe87c6a/1646330262040-3RTVJTBU81R1ZIPN3XV0/hibiscus-scrub-IMG_588043a3.jpg]
[ladanspa.com/shop/hibiscus-exfoliant.html]
[ladanspa.com/shop/hibiscus-moisturizer.html]
[ladanspa.com/shop/hibiscus-serum.html]
[ladanspa.com/shop/hibiscus-body-oil.html]
[ladanspa.com/shop/wild-orange-exfoliating-cleanser.html]
[ladanspa.com/shop/wild-orange-cream-cleanser.html]
[ladanspa.com/shop/wild-orange-toner.html]
[assets.squarespace.com/universal/scripts-compressed/common-5b36b10e4b4cc4835c1b7-min.en-US.js]
[ladanspa.com/shop/cardamom-and-wild-orange-spf-day-cream.html]
[ladanspa.com/shop/clary-sage-toner.html]
[ladanspa.com/shop/clary-sage-exfoliating-cleanser.html]
[assets.squarespace.com/universal/scripts-compressed/extract-css-runtime-158674a6460e64e0d6b37-min.en-US.js]
[ladanspa.com/shop/lavender-and-geranium-cream-cleanser.html]
[ladanspa.com/shop/lavender-and-geranium-toner.html]
[ladanspa.com/shop/wild-orange-moisturizer.html]
[ladanspa.com/shop/citrus-body-scrub.html]
[ladanspa.com/shop/citrus-body-butter.html]
[assets.squarespace.com/universal/scripts-compressed/extract-css-runtime-eae0b3d73456dc7fa70ca-min.en-US.js]
[ladanspa.com/shop/lavender-and-geranium-exfoliating-cleanser.html]
[ladanspa.com/shop/lavender-and-geranium-salt-scrub.html]
[ladanspa.com/shop/lavender-and-geranium-body-butter.html]
[ladanspa.com/shop/lavender-and-melaleuca-spf-day-cream.html]
[ladanspa.com/shop/grapefruit-and-ylang-ylang-cream-cleanser.html]
[ladanspa.com/shop/grapefruit-and-ylang-ylang-toner.html]
[ladanspa.com/shop/grapefruit-and-ylang-ylang-exfoliating-cleanser.html]
[assets.squarespace.com/universal/scripts-compressed/extract-css-runtime-cba72fc38d4cf4de408ff-min.en-US.js]
[ladanspa.com/shop/grapefruit-and-ylang-ylang-moisturizer.html]
[ladanspa.com/shop/grapefruit-and-ylang-ylang-night-cream.html]
[ladanspa.com/shop/lime-toner.html]
[ladanspa.com/shop/lime-exfoliant.html]
[ladanspa.com/shop/lime-salt-scrub.html]
[ladanspa.com/shop/lime-body-butter.html]
[assets.squarespace.com/universal/scripts-compressed/extract-css-runtime-fcd90055317076a565021-min.en-US.js]
[ladanspa.com/shop/lime-night-cream.html]
[ladanspa.com/shop/lime-spf-day-cream.html]
[ladanspa.com/shop/lime-facial-cleanser.html]
[ladanspa.com/shop/mint-toner.html]
[ladanspa.com/shop/mint-aloe-moisturizer.html]
[ladanspa.com/shop/mint-body-butter.html]
[ladanspa.com/shop/mint-sugar-scrub.html]
[ladanspa.com/shop/mint-exfoliating-cleanser.html]
[images.squarespace-cdn.com/content/544521d3e4b090edefe87c6a/1654134868758-TEZ3VGQFQ60CMNE4KYG0/mint-spf-20220116_162832acd.png]
[ladanspa.com/shop/mint-spf-moisturizer.html]
[ladanspa.com/shop/cinnamon-and-vanilla-body-butter.html]
[ladanspa.com/shop/cinnamon-and-vanilla-sugar-scrub.html]
[ladanspa.com/shop/frankincense-and-geranium-serum-frankincense-and-geranium-serum.html]
[ladanspa.com/shop/saffron-and-cardamom-serum.html]
[ladanspa.com/shop/peppermint-and-wild-orange-lip-balm.html]
[assets.squarespace.com/universal/scripts-compressed/common-b59cf4c4adf7f4ebc7fbb-min.en-US.js]
[ladanspa.com/shop/cinnamon-lip-balm.html]
[ladanspa.com/shop/passion-lip-balm.html]
[ladanspa.com/shop/hibiscus-lip-balm.html]
[ladanspa.com/shop/pink-grapefruit-lip-balm.html]
[images.squarespace-cdn.com/content/544521d3e4b090edefe87c6a/1642781561842-XBEUD4RL0DIGMETVQNAB/calm-20220116_17043143a3.jpg]
[ladanspa.com/shop/ladan-calm.html]
[ladanspa.com/shop/ladan-vitamin-c.html]
[ladanspa.com/shop/ladan-bleu.html]
[ladanspa.com/shop/cardamom-eye-cream.html]
[ladanspa.com/shop/blossom-facial-cleanser.html]
[ladanspa.com/shop/clary-sage-cream-cleanser.html]
[ladanspa.com/shop/clary-sage-night-cream.html]
[ladanspa.com/shop/lemongrass-cedarwood-facial-cleanser.html]
[ladanspa.com/shop/geranium-body-oil.html]
[ladanspa.com/shop/bell-rattle.html]
[images.squarespace-cdn.com/content/544521d3e4b090edefe87c6a/1650668058431-FGSSB6CSQK5TYUPTBZO8/fan-20220116_17363443a3.jpg]
[assets.squarespace.com/universal/scripts-compressed/common-ac2e8e478ebd51d3c4c4b-min.en-US.js]
[ladanspa.com/shop/feather-fan.html]
[ladanspa.com/shop/mala-bead-bracelet.html]
[ladanspa.com/shop/mala-bead-necklaces.html]
[ladanspa.com/products.html]
[ladanspa.com/productsd8a6.html]
[ladanspa.com/products8f6d.html]
[ladanspa.com/products85fe.html]
[static1.squarespace.com/static/544521d3e4b090edefe87c6a/60ba743712f9c128857c0000/61eae8b57c79a044ed0bc005/1642784955710/vitamin-c-serum-doterra-lemon-oil-20220]
[static1.squarespace.com/static/544521d3e4b090edefe87c6a/60ba743712f9c128857c0000/622103cd7b08df12bca2300c/1646330836213/lavender-body-oil-doterra-lavender-oil-]
[static1.squarespace.com/static/544521d3e4b090edefe87c6a/60ba743712f9c128857c0000/6227fed0754f6126c9785eff/1646788309960/ladan-spa-necklace-20220116_173021.aa26]
[static1.squarespace.com/static/544521d3e4b090edefe87c6a/60ba743712f9c128857c0000/610f789c781f731a475c0625/1665345839750/Ladan-Bright-retinol-20220116_170021.a9]
[static1.squarespace.com/static/544521d3e4b090edefe87c6a/60ba743712f9c128857c0000/6227ffcaec21b00857240deb/1646788554811/coffee-scrub-20220116_152659.ab26f7.del]
[static1.squarespace.com/static/544521d3e4b090edefe87c6a/60ba743712f9c128857c0000/62210261da3ac531fae09941/1646330470326/hibiscus-cleanser-doterra-jasmine-oil-2]
[static1.squarespace.com/static/544521d3e4b090edefe87c6a/60ba743712f9c128857c0000/62210a33bfeaf5191fd4ccef/1646332476234/hibiscus-toner-doterra-jasmine-oil-2022]
[static1.squarespace.com/static/544521d3e4b090edefe87c6a/60ba743712f9c128857c0000/622109a0da3ac531fae19eb8/1646332325881/hibiscus-night-cream-doterra-jasmine-oi]
[static1.squarespace.com/static/544521d3e4b090edefe87c6a/60ba743712f9c128857c0000/62210239c252407b639061b4/1646330432560/hibiscus-moisturizer-doterra-jasmine-oi]
[static1.squarespace.com/static/544521d3e4b090edefe87c6a/60ba743712f9c128857c0000/62210972fb51b0300acaadbb/1646332285486/hibiscus-serum-doterra-jasmine-oil-2022]
[static1.squarespace.com/static/544521d3e4b090edefe87c6a/60ba743712f9c128857c0000/622100f3b374df24ee01fa32/1646330106246/hibiscus-body-oil-doterra-jasmine-oil-2]
[static1.squarespace.com/static/544521d3e4b090edefe87c6a/60ba743712f9c128857c0000/622107fda232e2239259afe6/1646331908666/wild-orange-exfol-cleanser-doterra-wild]
[static1.squarespace.com/static/544521d3e4b090edefe87c6a/60ba743712f9c128857c0000/6221084a0bea90562c5b8e6a/1646331985365/wild-orange-cleanser-doterra-frankincen]
[static1.squarespace.com/static/544521d3e4b090edefe87c6a/60ba743712f9c128857c0000/62210825c252407b63912efe/1646331946687/wild-orange-toner-doterra-wild-orange-o]
[static1.squarespace.com/static/544521d3e4b090edefe87c6a/60ba743712f9c128857c0000/622108d0fb51b0300aca9354/1646332119632/cardamom-spf-moisturizer-doterra-cardam]
[static1.squarespace.com/static/544521d3e4b090edefe87c6a/60ba743712f9c128857c0000/6220f7f8da3ac531fadf4aaa/1646327808750/clary-sage-toner-doterra-clary-sage-oil]
[static1.squarespace.com/static/544521d3e4b090edefe87c6a/60ba743712f9c128857c0000/6220f849b796f038f32e9a11/1646327894270/clary-sage-toner-exfol-cleans-cream-cle]
[static1.squarespace.com/static/544521d3e4b090edefe87c6a/60ba743712f9c128857c0000/6221040973d0eb5481952328/1646330900953/lavender-cleanser-doterra-lavender-oil-]
[static1.squarespace.com/static/544521d3e4b090edefe87c6a/60ba743712f9c128857c0000/6221047b5c80e04e72cc27ae/1646331013801/lavender-toner-doterra-lavender-oil-202]
[static1.squarespace.com/static/544521d3e4b090edefe87c6a/60ba743712f9c128857c0000/622107de29829b736006d470/1646331875713/wild-orange-moisturizer-doterra-frankin]
[static1.squarespace.com/static/544521d3e4b090edefe87c6a/60ba743712f9c128857c0000/61eaec39a961a92f69d2d7ca/1642785860294/citrus-body-scrub-psd-20220116_151526.c]
[static1.squarespace.com/static/544521d3e4b090edefe87c6a/60ba743712f9c128857c0000/61eae8669954b47087e26af8/1642784876192/citrus-body-butter-doterra-wild-orange-]
[static1.squarespace.com/static/544521d3e4b090edefe87c6a/60ba743712f9c128857c0000/62210436af605734de1f53e3/1646330943146/lavender-exfol-cleanser-20220116_162147]
[static1.squarespace.com/static/544521d3e4b090edefe87c6a/60ba743712f9c128857c0000/62210456b4c6a43ed16a5b5e/1646330974849/lavender-scrub-doterra-lavender-oil-202]
[static1.squarespace.com/static/544521d3e4b090edefe87c6a/60ba743712f9c128857c0000/61eaec25f762450ee0cff296/1642785837617/lavender-body-butter-doterra-lavender-o]
[static1.squarespace.com/static/544521d3e4b090edefe87c6a/60ba743712f9c128857c0000/610f70714d406b2d5d5ac219/1628401787276/ScreenShot2020-12-29at3.42.31AM.d126f7]
[static1.squarespace.com/static/544521d3e4b090edefe87c6a/60ba743712f9c128857c0000/622100a25a80934e40060d73/1646330025901/grapefruit-cleanser-doterra-grapefruit-]
[static1.squarespace.com/static/544521d3e4b090edefe87c6a/60ba743712f9c128857c0000/6221001adb08055ee9c6cfb2/1646329890792/grapefruit-toner-doterra-grapefruit-oil]
[static1.squarespace.com/static/544521d3e4b090edefe87c6a/60ba743712f9c128857c0000/62210041ed00b42b3a6e3377/1646329926689/grapefruit-exfol-cleanser-20220116_1620]
[static1.squarespace.com/static/544521d3e4b090edefe87c6a/60ba743712f9c128857c0000/62210062af605734de1ed82b/1646329959592/grapefruit-moisturizer-doterra-grapefru]
[static1.squarespace.com/static/544521d3e4b090edefe87c6a/60ba743712f9c128857c0000/6220ffceafae7625f25f633a/1646329814867/grapefruit-night-cream-doterra-grapefru]
[static1.squarespace.com/static/544521d3e4b090edefe87c6a/60ba743712f9c128857c0000/61eaef9d6d6a634b5bf81a07/1642786731704/lime-toner-doterra-lime-oil-20220116_16]
[static1.squarespace.com/static/544521d3e4b090edefe87c6a/60ba743712f9c128857c0000/61eaef4f0ce86863178b46d9/1642786651052/lime-exfol-cleanser-doterra-lime-oil-20]
[static1.squarespace.com/static/544521d3e4b090edefe87c6a/60ba743712f9c128857c0000/61eaef300bb59f6f5eba0a3a/1642786614405/lime-scrub-doterra-lime-essential-20220]
[static1.squarespace.com/static/544521d3e4b090edefe87c6a/60ba743712f9c128857c0000/62210574da3ac531fae10cf8/1646331259247/lime-body-butter-doterra-lime-oil-20220]
[static1.squarespace.com/static/544521d3e4b090edefe87c6a/60ba743712f9c128857c0000/622105fdd140350e9dc67465/1646331394774/lime-night-cream-doterra-lime-oil-20220]
[static1.squarespace.com/static/544521d3e4b090edefe87c6a/60ba743712f9c128857c0000/6221064cd140350e9dc67a2c/1646331476883/lime-spf-day-cream-doterra-lime-oil-202]
[static1.squarespace.com/static/544521d3e4b090edefe87c6a/60ba743712f9c128857c0000/622105992e41f973b4965a35/1646331295371/lime-cleanser-doterra-lime-oil-20220116]
[static1.squarespace.com/static/544521d3e4b090edefe87c6a/60ba743712f9c128857c0000/62210797eb45ce35b242e24a/1646331806607/mint-toner-doterra-peppermint-oil-20220]
[static1.squarespace.com/static/544521d3e4b090edefe87c6a/60ba743712f9c128857c0000/622106ae9c8285649e3fece1/1646331577285/aloe-mint-moisturizer-doterra-peppermin]
[static1.squarespace.com/static/544521d3e4b090edefe87c6a/60ba743712f9c128857c0000/6221071cb796f038f3308d02/1646331681846/mint-scrub-doterra-peppermint-oil-20220]
[static1.squarespace.com/static/544521d3e4b090edefe87c6a/60ba743712f9c128857c0000/6221076992621c4fcaf560f2/1646331758351/mint-body-butter-doterra-peppermint-oil]
[static1.squarespace.com/static/544521d3e4b090edefe87c6a/60ba743712f9c128857c0000/6221073788f9151a32a73c87/1646331710961/mint-exfol-cleanser-doterra-peppermint-]
[static1.squarespace.com/static/544521d3e4b090edefe87c6a/60ba743712f9c128857c0000/61eaeed95571d22d45d21dc6/1642786528330/cinnamon-body-butter-doterra-cinnamon-o]
[static1.squarespace.com/static/544521d3e4b090edefe87c6a/60ba743712f9c128857c0000/61eaeeeb8b46c204e1052c72/1642786549326/cinnamon-scrub-doterra-cinnamon-oil-psd]
[static1.squarespace.com/static/544521d3e4b090edefe87c6a/60ba743712f9c128857c0000/61eae8254f27d62fcdb9b53d/1642784817168/frankincense-serum-doterra-frankincense]
[static1.squarespace.com/static/544521d3e4b090edefe87c6a/60ba743712f9c128857c0000/61eae7e2ee776b5216080743/1642784747774/saffron-serum-doterra-cardamom-oil-2022]
[static1.squarespace.com/static/544521d3e4b090edefe87c6a/60ba743712f9c128857c0000/61eae774a048806ab7730d3e/1642784637854/peppermint-wild-orange-lip-balm.eb26f7]
[static1.squarespace.com/static/544521d3e4b090edefe87c6a/60ba743712f9c128857c0000/61eadd14e78fd24f7bb44162/1642781978994/cinnamon-lip-balm-IMG_5845.ec26f7.delay]
[static1.squarespace.com/static/544521d3e4b090edefe87c6a/60ba743712f9c128857c0000/61eadcf3e92f250e1d74ca54/1642781944530/passion-lip-balm-IMG_5844.ee26f7.delaye]
[static1.squarespace.com/static/544521d3e4b090edefe87c6a/60ba743712f9c128857c0000/61eadcc56d421e542c963795/1642781901247/hibiscus-lip-balm-IMG_5842.ef26f7.delay]
[static1.squarespace.com/static/544521d3e4b090edefe87c6a/60ba743712f9c128857c0000/61eadc2451d19b1980fb2699/1642781742020/pink-grapefruit-lip-balm-IMG_5843.f026f]
[static1.squarespace.com/static/544521d3e4b090edefe87c6a/60ba743712f9c128857c0000/610f78b1f9483313cb0fa711/1642781233424/vitamin-c-vial-20220116_170317.f326f7.d]
[static1.squarespace.com/static/544521d3e4b090edefe87c6a/60ba743712f9c128857c0000/610f78c5cc6bf212f75d1e11/1665347020758/bleu-doterra-blue-tansy-oil-20220116_17]
[static1.squarespace.com/static/544521d3e4b090edefe87c6a/60ba743712f9c128857c0000/6206f7af0246a7509817ec1a/1644623799115/cardamom-eye-cream-doterra-frankincense]
[static1.squarespace.com/static/544521d3e4b090edefe87c6a/60ba743712f9c128857c0000/6206fbfe2460613189aa8866/1644624904760/blossom-cleanser-doterra-geranium-oil-2]
[static1.squarespace.com/static/544521d3e4b090edefe87c6a/60ba743712f9c128857c0000/6206ff883dea9e22f623f75c/1644625805010/clary-sage-cleanser-doterra-clary-sage-]
[static1.squarespace.com/static/544521d3e4b090edefe87c6a/60ba743712f9c128857c0000/6206fff324bbac68353841c2/1644625916046/clary-sage-night-cream-doterra-clary-sa]
[static1.squarespace.com/static/544521d3e4b090edefe87c6a/60ba743712f9c128857c0000/622800721f737c5b04057e61/1646788722194/lemongrass-cleanser-doterra-cedarwood-o]
[static1.squarespace.com/static/544521d3e4b090edefe87c6a/60ba743712f9c128857c0000/622802bc5b6ab92c7524f924/1646789308790/geranium-body-oil-doterra-geranium-oil-]
[static1.squarespace.com/static/544521d3e4b090edefe87c6a/60ba743712f9c128857c0000/62632f9845d1697d58148daa/1650667620604/bell-rattle-20220116_174215.fb26f7.dela]
[static1.squarespace.com/static/544521d3e4b090edefe87c6a/60ba743712f9c128857c0000/63433fa73debab3ad7ffda27/1665500331149/Ladan-Necklaces-image_50736641.fe26f7.d]
[static1.squarespace.com/static/544521d3e4b090edefe87c6a/60ba743712f9c128857c0000/6343525581ad146f545bd2b3/1665500208204/Ladan-Necklaces-image_6483441.ff26f7.de]
